<?xml version="1.0" encoding="UTF-8"?>
<testng-results ignored="0" total="1" passed="1" failed="0" skipped="0">
  <reporter-output>
  </reporter-output>
  <suite started-at="2023-05-10T15:52:52 IST" name="Default suite" finished-at="2023-05-10T15:53:45 IST" duration-ms="52496">
    <groups>
    </groups>
    <test started-at="2023-05-10T15:52:52 IST" name="Default test" finished-at="2023-05-10T15:53:45 IST" duration-ms="52496">
      <class name="tests.TestCaseForHomePage">
        <test-method is-config="true" signature="Start()[pri:0, instance:tests.TestCaseForHomePage@f0c8a99]" started-at="2023-05-10T15:52:52 IST" name="Start" finished-at="2023-05-10T15:53:35 IST" duration-ms="42487" status="PASS">
          <reporter-output>
          </reporter-output>
        </test-method> <!-- Start -->
        <test-method signature="testCase()[pri:0, instance:tests.TestCaseForHomePage@f0c8a99]" started-at="2023-05-10T15:53:35 IST" name="testCase" finished-at="2023-05-10T15:53:44 IST" duration-ms="9627" status="PASS">
          <reporter-output>
          </reporter-output>
        </test-method> <!-- testCase -->
        <test-method is-config="true" signature="End()[pri:0, instance:tests.TestCaseForHomePage@f0c8a99]" started-at="2023-05-10T15:53:44 IST" name="End" finished-at="2023-05-10T15:53:45 IST" duration-ms="295" status="PASS">
          <reporter-output>
          </reporter-output>
        </test-method> <!-- End -->
      </class> <!-- tests.TestCaseForHomePage -->
    </test> <!-- Default test -->
  </suite> <!-- Default suite -->
</testng-results>
